<?xml version="1.0" encoding="UTF-8"?>
<testng-results ignored="0" total="1" passed="1" failed="0" skipped="0">
  <reporter-output>
  </reporter-output>
  <suite started-at="2026-05-05T15:49:37 IST" name="Default suite" finished-at="2026-05-05T15:49:50 IST" duration-ms="13448">
    <groups>
    </groups>
    <test started-at="2026-05-05T15:49:37 IST" name="Default test" finished-at="2026-05-05T15:49:50 IST" duration-ms="13448">
      <class name="com.base.BaseTest">
        <test-method is-config="true" signature="setup()[pri:0, instance:com.base.BaseTest@747ddf94]" started-at="2026-05-05T15:49:37 IST" name="setup" finished-at="2026-05-05T15:49:40 IST" duration-ms="3063" status="PASS">
          <reporter-output>
          </reporter-output>
        </test-method> <!-- setup -->
        <test-method signature="testFlow()[pri:0, instance:com.base.BaseTest@747ddf94]" started-at="2026-05-05T15:49:40 IST" name="testFlow" finished-at="2026-05-05T15:49:40 IST" duration-ms="10" status="PASS">
          <reporter-output>
          </reporter-output>
        </test-method> <!-- testFlow -->
        <test-method is-config="true" signature="tearDown()[pri:0, instance:com.base.BaseTest@747ddf94]" started-at="2026-05-05T15:49:40 IST" name="tearDown" finished-at="2026-05-05T15:49:50 IST" duration-ms="10314" status="PASS">
          <reporter-output>
          </reporter-output>
        </test-method> <!-- tearDown -->
      </class> <!-- com.base.BaseTest -->
    </test> <!-- Default test -->
  </suite> <!-- Default suite -->
</testng-results>
