<?xml version="1.0" encoding="UTF-8"?>
<testng-results ignored="0" total="1" passed="1" failed="0" skipped="0">
  <reporter-output>
  </reporter-output>
  <suite started-at="2026-05-05T12:11:20 IST" name="Default suite" finished-at="2026-05-05T12:11:37 IST" duration-ms="16185">
    <groups>
    </groups>
    <test started-at="2026-05-05T12:11:20 IST" name="Default test" finished-at="2026-05-05T12:11:37 IST" duration-ms="16185">
      <class name="com.tests.EcommerceTest">
        <test-method is-config="true" signature="setup()[pri:0, instance:com.tests.EcommerceTest@7d8995e]" started-at="2026-05-05T12:11:20 IST" name="setup" finished-at="2026-05-05T12:11:23 IST" duration-ms="2816" status="PASS">
          <reporter-output>
          </reporter-output>
        </test-method> <!-- setup -->
        <test-method signature="testFlow()[pri:0, instance:com.tests.EcommerceTest@7d8995e]" started-at="2026-05-05T12:11:23 IST" name="testFlow" finished-at="2026-05-05T12:11:33 IST" duration-ms="9783" status="PASS">
          <reporter-output>
          </reporter-output>
        </test-method> <!-- testFlow -->
        <test-method is-config="true" signature="tearDown()[pri:0, instance:com.tests.EcommerceTest@7d8995e]" started-at="2026-05-05T12:11:33 IST" name="tearDown" finished-at="2026-05-05T12:11:37 IST" duration-ms="3529" status="PASS">
          <reporter-output>
          </reporter-output>
        </test-method> <!-- tearDown -->
      </class> <!-- com.tests.EcommerceTest -->
    </test> <!-- Default test -->
  </suite> <!-- Default suite -->
</testng-results>
